# JRE version: OpenJDK Runtime Environment (8.0_312-b07) (build 1.8.0_312-b07)
# Java VM: OpenJDK 64-Bit Server VM (25.312-b07 mixed mode windows-amd64 compressed oops)
Heap:
 PSYoungGen      total 81408K, used 10185K [0x00000000e0d80000, 0x00000000e6b80000, 0x0000000100000000)
  eden space 69632K, 0% used [0x00000000e0d80000,0x00000000e0d80000,0x00000000e5180000)
  from space 11776K, 86% used [0x00000000e5e00000,0x00000000e67f2628,0x00000000e6980000)
  to   space 12800K, 0% used [0x00000000e5180000,0x00000000e5180000,0x00000000e5e00000)
 ParOldGen       total 64512K, used 14373K [0x00000000a2800000, 0x00000000a6700000, 0x00000000e0d80000)
  object space 64512K, 22% used [0x00000000a2800000,0x00000000a3609400,0x00000000a6700000)
 Metaspace       used 20759K, capacity 21134K, committed 21248K, reserved 1069056K
  class space    used 2382K, capacity 2545K, committed 2560K, reserved 1048576K
GC Heap History (10 events):
Event: 7.353 GC heap after
Heap after GC invocations=4 (full 0):
 PSYoungGen      total 28160K, used 3568K [0x00000000e0d80000, 0x00000000e4480000, 0x0000000100000000)
  eden space 24576K, 0% used [0x00000000e0d80000,0x00000000e0d80000,0x00000000e2580000)
  from space 3584K, 99% used [0x00000000e4100000,0x00000000e447c010,0x00000000e4480000)
  to   space 3584K, 0% used [0x00000000e2580000,0x00000000e2580000,0x00000000e2900000)
 ParOldGen       total 64512K, used 6429K [0x00000000a2800000, 0x00000000a6700000, 0x00000000e0d80000)
  object space 64512K, 9% used [0x00000000a2800000,0x00000000a2e47688,0x00000000a6700000)
 Metaspace       used 15345K, capacity 15830K, committed 15872K, reserved 1062912K
  class space    used 1878K, capacity 2011K, committed 2048K, reserved 1048576K
}
Event: 8.197 GC heap before
{Heap before GC invocations=5 (full 0):
 PSYoungGen      total 28160K, used 28144K [0x00000000e0d80000, 0x00000000e4480000, 0x0000000100000000)
  eden space 24576K, 100% used [0x00000000e0d80000,0x00000000e2580000,0x00000000e2580000)
  from space 3584K, 99% used [0x00000000e4100000,0x00000000e447c010,0x00000000e4480000)
  to   space 3584K, 0% used [0x00000000e2580000,0x00000000e2580000,0x00000000e2900000)
 ParOldGen       total 64512K, used 6429K [0x00000000a2800000, 0x00000000a6700000, 0x00000000e0d80000)
  object space 64512K, 9% used [0x00000000a2800000,0x00000000a2e47688,0x00000000a6700000)
 Metaspace       used 17907K, capacity 18312K, committed 18432K, reserved 1064960K
  class space    used 2096K, capacity 2238K, committed 2304K, reserved 1048576K
Event: 8.206 GC heap after
Heap after GC invocations=5 (full 0):
 PSYoungGen      total 27648K, used 3576K [0x00000000e0d80000, 0x00000000e4180000, 0x0000000100000000)
  eden space 24064K, 0% used [0x00000000e0d80000,0x00000000e0d80000,0x00000000e2500000)
  from space 3584K, 99% used [0x00000000e2580000,0x00000000e28fe0f0,0x00000000e2900000)
  to   space 8704K, 0% used [0x00000000e3900000,0x00000000e3900000,0x00000000e4180000)
 ParOldGen       total 64512K, used 9727K [0x00000000a2800000, 0x00000000a6700000, 0x00000000e0d80000)
  object space 64512K, 15% used [0x00000000a2800000,0x00000000a317fd50,0x00000000a6700000)
 Metaspace       used 17907K, capacity 18312K, committed 18432K, reserved 1064960K
  class space    used 2096K, capacity 2238K, committed 2304K, reserved 1048576K
}
Event: 8.716 GC heap before
{Heap before GC invocations=6 (full 0):
 PSYoungGen      total 27648K, used 27640K [0x00000000e0d80000, 0x00000000e4180000, 0x0000000100000000)
  eden space 24064K, 100% used [0x00000000e0d80000,0x00000000e2500000,0x00000000e2500000)
  from space 3584K, 99% used [0x00000000e2580000,0x00000000e28fe0f0,0x00000000e2900000)
  to   space 8704K, 0% used [0x00000000e3900000,0x00000000e3900000,0x00000000e4180000)
 ParOldGen       total 64512K, used 9727K [0x00000000a2800000, 0x00000000a6700000, 0x00000000e0d80000)
  object space 64512K, 15% used [0x00000000a2800000,0x00000000a317fd50,0x00000000a6700000)
 Metaspace       used 19238K, capacity 19616K, committed 19840K, reserved 1067008K
  class space    used 2248K, capacity 2372K, committed 2432K, reserved 1048576K
Event: 8.729 GC heap after
Heap after GC invocations=6 (full 0):
 PSYoungGen      total 44032K, used 6661K [0x00000000e0d80000, 0x00000000e4e80000, 0x0000000100000000)
  eden space 35328K, 0% used [0x00000000e0d80000,0x00000000e0d80000,0x00000000e3000000)
  from space 8704K, 76% used [0x00000000e3900000,0x00000000e3f815c8,0x00000000e4180000)
  to   space 9216K, 0% used [0x00000000e3000000,0x00000000e3000000,0x00000000e3900000)
 ParOldGen       total 64512K, used 9727K [0x00000000a2800000, 0x00000000a6700000, 0x00000000e0d80000)
  object space 64512K, 15% used [0x00000000a2800000,0x00000000a317fd50,0x00000000a6700000)
 Metaspace       used 19238K, capacity 19616K, committed 19840K, reserved 1067008K
  class space    used 2248K, capacity 2372K, committed 2432K, reserved 1048576K
}
Event: 9.190 GC heap before
{Heap before GC invocations=7 (full 0):
 PSYoungGen      total 44032K, used 41952K [0x00000000e0d80000, 0x00000000e4e80000, 0x0000000100000000)
  eden space 35328K, 99% used [0x00000000e0d80000,0x00000000e2ff6d30,0x00000000e3000000)
  from space 8704K, 76% used [0x00000000e3900000,0x00000000e3f815c8,0x00000000e4180000)
  to   space 9216K, 0% used [0x00000000e3000000,0x00000000e3000000,0x00000000e3900000)
 ParOldGen       total 64512K, used 9727K [0x00000000a2800000, 0x00000000a6700000, 0x00000000e0d80000)
  object space 64512K, 15% used [0x00000000a2800000,0x00000000a317fd50,0x00000000a6700000)
 Metaspace       used 20255K, capacity 20752K, committed 20992K, reserved 1067008K
  class space    used 2351K, capacity 2508K, committed 2560K, reserved 1048576K
Event: 9.209 GC heap after
Heap after GC invocations=7 (full 0):
 PSYoungGen      total 44544K, used 9203K [0x00000000e0d80000, 0x00000000e6980000, 0x0000000100000000)
  eden space 35328K, 0% used [0x00000000e0d80000,0x00000000e0d80000,0x00000000e3000000)
  from space 9216K, 99% used [0x00000000e3000000,0x00000000e38fcc50,0x00000000e3900000)
  to   space 11776K, 0% used [0x00000000e5e00000,0x00000000e5e00000,0x00000000e6980000)
 ParOldGen       total 64512K, used 12764K [0x00000000a2800000, 0x00000000a6700000, 0x00000000e0d80000)
  object space 64512K, 19% used [0x00000000a2800000,0x00000000a34773e0,0x00000000a6700000)
 Metaspace       used 20255K, capacity 20752K, committed 20992K, reserved 1067008K
  class space    used 2351K, capacity 2508K, committed 2560K, reserved 1048576K
}
Event: 9.464 GC heap before
{Heap before GC invocations=8 (full 0):
 PSYoungGen      total 44544K, used 31761K [0x00000000e0d80000, 0x00000000e6980000, 0x0000000100000000)
  eden space 35328K, 63% used [0x00000000e0d80000,0x00000000e2387ab0,0x00000000e3000000)
  from space 9216K, 99% used [0x00000000e3000000,0x00000000e38fcc50,0x00000000e3900000)
  to   space 11776K, 0% used [0x00000000e5e00000,0x00000000e5e00000,0x00000000e6980000)
 ParOldGen       total 64512K, used 12764K [0x00000000a2800000, 0x00000000a6700000, 0x00000000e0d80000)
  object space 64512K, 19% used [0x00000000a2800000,0x00000000a34773e0,0x00000000a6700000)
 Metaspace       used 20759K, capacity 21134K, committed 21248K, reserved 1069056K
  class space    used 2382K, capacity 2545K, committed 2560K, reserved 1048576K
Event: 9.496 GC heap after
Heap after GC invocations=8 (full 0):
 PSYoungGen      total 81408K, used 10185K [0x00000000e0d80000, 0x00000000e6b80000, 0x0000000100000000)
  eden space 69632K, 0% used [0x00000000e0d80000,0x00000000e0d80000,0x00000000e5180000)
  from space 11776K, 86% used [0x00000000e5e00000,0x00000000e67f2628,0x00000000e6980000)
  to   space 12800K, 0% used [0x00000000e5180000,0x00000000e5180000,0x00000000e5e00000)
 ParOldGen       total 64512K, used 14373K [0x00000000a2800000, 0x00000000a6700000, 0x00000000e0d80000)
  object space 64512K, 22% used [0x00000000a2800000,0x00000000a3609400,0x00000000a6700000)
 Metaspace       used 20759K, capacity 21134K, committed 21248K, reserved 1069056K
  class space    used 2382K, capacity 2545K, committed 2560K, reserved 1048576K
}
Event: 9.496 GC heap before
{Heap before GC invocations=9 (full 1):
 PSYoungGen      total 81408K, used 10185K [0x00000000e0d80000, 0x00000000e6b80000, 0x0000000100000000)
  eden space 69632K, 0% used [0x00000000e0d80000,0x00000000e0d80000,0x00000000e5180000)
  from space 11776K, 86% used [0x00000000e5e00000,0x00000000e67f2628,0x00000000e6980000)
  to   space 12800K, 0% used [0x00000000e5180000,0x00000000e5180000,0x00000000e5e00000)
 ParOldGen       total 64512K, used 14373K [0x00000000a2800000, 0x00000000a6700000, 0x00000000e0d80000)
  object space 64512K, 22% used [0x00000000a2800000,0x00000000a3609400,0x00000000a6700000)
 Metaspace       used 20759K, capacity 21134K, committed 21248K, reserved 1069056K
  class space    used 2382K, capacity 2545K, committed 2560K, reserved 1048576K

