# JRE version: OpenJDK Runtime Environment (8.0_312-b07) (build 1.8.0_312-b07)
# Java VM: OpenJDK 64-Bit Server VM (25.312-b07 mixed mode windows-amd64 compressed oops)
Heap:
 PSYoungGen      total 33792K, used 4604K [0x00000000eab00000, 0x00000000eeb00000, 0x0000000100000000)
  eden space 24576K, 0% used [0x00000000eab00000,0x00000000eab00000,0x00000000ec300000)
  from space 9216K, 49% used [0x00000000ecb80000,0x00000000ecfff318,0x00000000ed480000)
  to   space 8704K, 0% used [0x00000000ec300000,0x00000000ec300000,0x00000000ecb80000)
 ParOldGen       total 64512K, used 10136K [0x00000000c0000000, 0x00000000c3f00000, 0x00000000eab00000)
  object space 64512K, 15% used [0x00000000c0000000,0x00000000c09e6328,0x00000000c3f00000)
 Metaspace       used 20892K, capacity 21184K, committed 21248K, reserved 1067008K
  class space    used 2907K, capacity 3024K, committed 3072K, reserved 1048576K
GC Heap History (10 events):
Event: 1.423 GC heap after
Heap after GC invocations=2 (full 0):
 PSYoungGen      total 28160K, used 3421K [0x00000000eab00000, 0x00000000ee200000, 0x0000000100000000)
  eden space 24576K, 0% used [0x00000000eab00000,0x00000000eab00000,0x00000000ec300000)
  from space 3584K, 95% used [0x00000000ec680000,0x00000000ec9d7480,0x00000000eca00000)
  to   space 3584K, 0% used [0x00000000ec300000,0x00000000ec300000,0x00000000ec680000)
 ParOldGen       total 64512K, used 555K [0x00000000c0000000, 0x00000000c3f00000, 0x00000000eab00000)
  object space 64512K, 0% used [0x00000000c0000000,0x00000000c008aef8,0x00000000c3f00000)
 Metaspace       used 7885K, capacity 8044K, committed 8320K, reserved 1056768K
  class space    used 1008K, capacity 1060K, committed 1152K, reserved 1048576K
}
Event: 4.327 GC heap before
{Heap before GC invocations=3 (full 0):
 PSYoungGen      total 28160K, used 27997K [0x00000000eab00000, 0x00000000ee200000, 0x0000000100000000)
  eden space 24576K, 100% used [0x00000000eab00000,0x00000000ec300000,0x00000000ec300000)
  from space 3584K, 95% used [0x00000000ec680000,0x00000000ec9d7480,0x00000000eca00000)
  to   space 3584K, 0% used [0x00000000ec300000,0x00000000ec300000,0x00000000ec680000)
 ParOldGen       total 64512K, used 555K [0x00000000c0000000, 0x00000000c3f00000, 0x00000000eab00000)
  object space 64512K, 0% used [0x00000000c0000000,0x00000000c008aef8,0x00000000c3f00000)
 Metaspace       used 12767K, capacity 13050K, committed 13184K, reserved 1060864K
  class space    used 1751K, capacity 1871K, committed 1920K, reserved 1048576K
Event: 4.341 GC heap after
Heap after GC invocations=3 (full 0):
 PSYoungGen      total 28160K, used 3568K [0x00000000eab00000, 0x00000000eca00000, 0x0000000100000000)
  eden space 24576K, 0% used [0x00000000eab00000,0x00000000eab00000,0x00000000ec300000)
  from space 3584K, 99% used [0x00000000ec300000,0x00000000ec67c030,0x00000000ec680000)
  to   space 3584K, 0% used [0x00000000ec680000,0x00000000ec680000,0x00000000eca00000)
 ParOldGen       total 64512K, used 2741K [0x00000000c0000000, 0x00000000c3f00000, 0x00000000eab00000)
  object space 64512K, 4% used [0x00000000c0000000,0x00000000c02ad690,0x00000000c3f00000)
 Metaspace       used 12767K, capacity 13050K, committed 13184K, reserved 1060864K
  class space    used 1751K, capacity 1871K, committed 1920K, reserved 1048576K
}
Event: 6.617 GC heap before
{Heap before GC invocations=4 (full 0):
 PSYoungGen      total 28160K, used 28144K [0x00000000eab00000, 0x00000000eca00000, 0x0000000100000000)
  eden space 24576K, 100% used [0x00000000eab00000,0x00000000ec300000,0x00000000ec300000)
  from space 3584K, 99% used [0x00000000ec300000,0x00000000ec67c030,0x00000000ec680000)
  to   space 3584K, 0% used [0x00000000ec680000,0x00000000ec680000,0x00000000eca00000)
 ParOldGen       total 64512K, used 2741K [0x00000000c0000000, 0x00000000c3f00000, 0x00000000eab00000)
  object space 64512K, 4% used [0x00000000c0000000,0x00000000c02ad690,0x00000000c3f00000)
 Metaspace       used 15369K, capacity 15770K, committed 15872K, reserved 1062912K
  class space    used 2174K, capacity 2287K, committed 2304K, reserved 1048576K
Event: 6.631 GC heap after
Heap after GC invocations=4 (full 0):
 PSYoungGen      total 28160K, used 3568K [0x00000000eab00000, 0x00000000eca00000, 0x0000000100000000)
  eden space 24576K, 0% used [0x00000000eab00000,0x00000000eab00000,0x00000000ec300000)
  from space 3584K, 99% used [0x00000000ec680000,0x00000000ec9fc030,0x00000000eca00000)
  to   space 3584K, 0% used [0x00000000ec300000,0x00000000ec300000,0x00000000ec680000)
 ParOldGen       total 64512K, used 5999K [0x00000000c0000000, 0x00000000c3f00000, 0x00000000eab00000)
  object space 64512K, 9% used [0x00000000c0000000,0x00000000c05dbe90,0x00000000c3f00000)
 Metaspace       used 15369K, capacity 15770K, committed 15872K, reserved 1062912K
  class space    used 2174K, capacity 2287K, committed 2304K, reserved 1048576K
}
Event: 8.806 GC heap before
{Heap before GC invocations=5 (full 0):
 PSYoungGen      total 28160K, used 28144K [0x00000000eab00000, 0x00000000eca00000, 0x0000000100000000)
  eden space 24576K, 100% used [0x00000000eab00000,0x00000000ec300000,0x00000000ec300000)
  from space 3584K, 99% used [0x00000000ec680000,0x00000000ec9fc030,0x00000000eca00000)
  to   space 3584K, 0% used [0x00000000ec300000,0x00000000ec300000,0x00000000ec680000)
 ParOldGen       total 64512K, used 5999K [0x00000000c0000000, 0x00000000c3f00000, 0x00000000eab00000)
  object space 64512K, 9% used [0x00000000c0000000,0x00000000c05dbe90,0x00000000c3f00000)
 Metaspace       used 20081K, capacity 20416K, committed 20608K, reserved 1067008K
  class space    used 2781K, capacity 2896K, committed 2944K, reserved 1048576K
Event: 8.821 GC heap after
Heap after GC invocations=5 (full 0):
 PSYoungGen      total 27648K, used 3552K [0x00000000eab00000, 0x00000000ed480000, 0x0000000100000000)
  eden space 24064K, 0% used [0x00000000eab00000,0x00000000eab00000,0x00000000ec280000)
  from space 3584K, 99% used [0x00000000ec300000,0x00000000ec678020,0x00000000ec680000)
  to   space 9216K, 0% used [0x00000000ecb80000,0x00000000ecb80000,0x00000000ed480000)
 ParOldGen       total 64512K, used 10136K [0x00000000c0000000, 0x00000000c3f00000, 0x00000000eab00000)
  object space 64512K, 15% used [0x00000000c0000000,0x00000000c09e6328,0x00000000c3f00000)
 Metaspace       used 20081K, capacity 20416K, committed 20608K, reserved 1067008K
  class space    used 2781K, capacity 2896K, committed 2944K, reserved 1048576K
}
Event: 9.262 GC heap before
{Heap before GC invocations=6 (full 0):
 PSYoungGen      total 27648K, used 12846K [0x00000000eab00000, 0x00000000ed480000, 0x0000000100000000)
  eden space 24064K, 38% used [0x00000000eab00000,0x00000000eb413a80,0x00000000ec280000)
  from space 3584K, 99% used [0x00000000ec300000,0x00000000ec678020,0x00000000ec680000)
  to   space 9216K, 0% used [0x00000000ecb80000,0x00000000ecb80000,0x00000000ed480000)
 ParOldGen       total 64512K, used 10136K [0x00000000c0000000, 0x00000000c3f00000, 0x00000000eab00000)
  object space 64512K, 15% used [0x00000000c0000000,0x00000000c09e6328,0x00000000c3f00000)
 Metaspace       used 20892K, capacity 21184K, committed 21248K, reserved 1067008K
  class space    used 2907K, capacity 3024K, committed 3072K, reserved 1048576K
Event: 9.275 GC heap after
Heap after GC invocations=6 (full 0):
 PSYoungGen      total 33792K, used 4604K [0x00000000eab00000, 0x00000000eeb00000, 0x0000000100000000)
  eden space 24576K, 0% used [0x00000000eab00000,0x00000000eab00000,0x00000000ec300000)
  from space 9216K, 49% used [0x00000000ecb80000,0x00000000ecfff318,0x00000000ed480000)
  to   space 8704K, 0% used [0x00000000ec300000,0x00000000ec300000,0x00000000ecb80000)
 ParOldGen       total 64512K, used 10136K [0x00000000c0000000, 0x00000000c3f00000, 0x00000000eab00000)
  object space 64512K, 15% used [0x00000000c0000000,0x00000000c09e6328,0x00000000c3f00000)
 Metaspace       used 20892K, capacity 21184K, committed 21248K, reserved 1067008K
  class space    used 2907K, capacity 3024K, committed 3072K, reserved 1048576K
}
Event: 9.275 GC heap before
{Heap before GC invocations=7 (full 1):
 PSYoungGen      total 33792K, used 4604K [0x00000000eab00000, 0x00000000eeb00000, 0x0000000100000000)
  eden space 24576K, 0% used [0x00000000eab00000,0x00000000eab00000,0x00000000ec300000)
  from space 9216K, 49% used [0x00000000ecb80000,0x00000000ecfff318,0x00000000ed480000)
  to   space 8704K, 0% used [0x00000000ec300000,0x00000000ec300000,0x00000000ecb80000)
 ParOldGen       total 64512K, used 10136K [0x00000000c0000000, 0x00000000c3f00000, 0x00000000eab00000)
  object space 64512K, 15% used [0x00000000c0000000,0x00000000c09e6328,0x00000000c3f00000)
 Metaspace       used 20892K, capacity 21184K, committed 21248K, reserved 1067008K
  class space    used 2907K, capacity 3024K, committed 3072K, reserved 1048576K

